\BOOKMARK [1][-]{section.1}{\376\377\000I\000n\000t\000r\000o\000d\000u\000c\000c\000i\000\363\000n}{}% 1
\BOOKMARK [1][-]{section.2}{\376\377\000D\000e\000f\000i\000n\000i\000c\000i\000\363\000n\000\040\000T\000\351\000c\000n\000i\000c\000a\000\040\000d\000e\000l\000\040\000S\000i\000s\000t\000e\000m\000a\000\040\000D\000i\000s\000t\000r\000i\000b\000u\000i\000d\000o}{}% 2
\BOOKMARK [2][-]{subsection.2.1}{\376\377\000O\000p\000e\000r\000a\000c\000i\000o\000n\000e\000s\000\040\000D\000i\000s\000t\000r\000i\000b\000u\000i\000d\000a\000s}{section.2}% 3
\BOOKMARK [1][-]{section.3}{\376\377\000I\000m\000p\000l\000e\000m\000e\000n\000t\000a\000c\000i\000\363\000n\000\040\000d\000e\000l\000\040\000U\000s\000u\000a\000r\000i\000o}{}% 4
\BOOKMARK [1][-]{section.4}{\376\377\000M\000e\000c\000a\000n\000i\000s\000m\000o\000\040\000d\000e\000\040\000O\000p\000t\000i\000m\000i\000z\000a\000c\000i\000\363\000n\000\040\000d\000e\000l\000\040\000U\000s\000o\000\040\000d\000e\000\040\000R\000e\000c\000u\000r\000s\000o\000s}{}% 5
\BOOKMARK [1][-]{section.5}{\376\377\000U\000s\000o\000\040\000d\000e\000\040\000A\000r\000c\000h\000i\000v\000o\000s\000\040\000I\000n\000t\000e\000r\000m\000e\000d\000i\000o\000s}{}% 6
\BOOKMARK [1][-]{section.6}{\376\377\000D\000e\000s\000c\000r\000i\000p\000c\000i\000\363\000n\000\040\000d\000e\000\040\000l\000a\000s\000\040\000C\000o\000n\000s\000u\000l\000t\000a\000s}{}% 7
\BOOKMARK [2][-]{subsection.6.1}{\376\377\000C\000o\000n\000s\000u\000l\000t\000a\000\040\0001\000:\000\040\000T\000r\000a\000n\000s\000a\000c\000c\000i\000o\000n\000e\000s\000\040\000f\000i\000l\000t\000r\000a\000d\000a\000s}{section.6}% 8
\BOOKMARK [2][-]{subsection.6.2}{\376\377\000C\000o\000n\000s\000u\000l\000t\000a\000\040\0002\000:\000\040\000P\000r\000o\000d\000u\000c\000t\000o\000s\000\040\000m\000\341\000s\000\040\000v\000e\000n\000d\000i\000d\000o\000s\000\040\000y\000\040\000m\000\341\000s\000\040\000r\000e\000n\000t\000a\000b\000l\000e\000s}{section.6}% 9
\BOOKMARK [2][-]{subsection.6.3}{\376\377\000C\000o\000n\000s\000u\000l\000t\000a\000\040\0003\000:\000\040\000T\000P\000V\000\040\000p\000o\000r\000\040\000s\000e\000m\000e\000s\000t\000r\000e\000\040\000y\000\040\000s\000u\000c\000u\000r\000s\000a\000l}{section.6}% 10
\BOOKMARK [2][-]{subsection.6.4}{\376\377\000C\000o\000n\000s\000u\000l\000t\000a\000\040\0004\000:\000\040\000C\000l\000i\000e\000n\000t\000e\000s\000\040\000m\000\341\000s\000\040\000f\000r\000e\000c\000u\000e\000n\000t\000e\000s\000\040\000y\000\040\000c\000u\000m\000p\000l\000e\000a\000\361\000o\000s}{section.6}% 11
\BOOKMARK [1][-]{section.7}{\376\377\000V\000i\000s\000t\000a\000\040\000d\000e\000\040\000E\000s\000c\000e\000n\000a\000r\000i\000o\000s}{}% 12
\BOOKMARK [2][-]{subsection.7.1}{\376\377\000C\000a\000s\000o\000s\000\040\000d\000e\000\040\000u\000s\000o}{section.7}% 13
\BOOKMARK [1][-]{section.8}{\376\377\000V\000i\000s\000t\000a\000\040\000d\000e\000\040\000P\000r\000o\000c\000e\000s\000o\000s}{}% 14
\BOOKMARK [2][-]{subsection.8.1}{\376\377\000D\000i\000a\000g\000r\000a\000m\000a\000s\000\040\000d\000e\000\040\000A\000c\000t\000i\000v\000i\000d\000a\000d\000e\000s}{section.8}% 15
\BOOKMARK [3][-]{subsubsection.8.1.1}{\376\377\000D\000i\000a\000g\000r\000a\000m\000a\000\040\000d\000e\000\040\000A\000c\000t\000i\000v\000i\000d\000a\000d\000e\000s\000\040\000d\000e\000\040\000l\000a\000\040\000p\000r\000i\000m\000e\000r\000a\000\040\000c\000o\000n\000s\000u\000l\000t\000a}{subsection.8.1}% 16
\BOOKMARK [3][-]{subsubsection.8.1.2}{\376\377\000D\000i\000a\000g\000r\000a\000m\000a\000\040\000d\000e\000\040\000A\000c\000t\000i\000v\000i\000d\000a\000d\000e\000s\000\040\000d\000e\000\040\000l\000a\000\040\000s\000e\000g\000u\000n\000d\000a\000\040\000c\000o\000n\000s\000u\000l\000t\000a}{subsection.8.1}% 17
\BOOKMARK [3][-]{subsubsection.8.1.3}{\376\377\000D\000i\000a\000g\000r\000a\000m\000a\000\040\000d\000e\000\040\000A\000c\000t\000i\000v\000i\000d\000a\000d\000e\000s\000\040\000d\000e\000\040\000l\000a\000\040\000t\000e\000r\000c\000e\000r\000a\000\040\000c\000o\000n\000s\000u\000l\000t\000a}{subsection.8.1}% 18
\BOOKMARK [3][-]{subsubsection.8.1.4}{\376\377\000D\000i\000a\000g\000r\000a\000m\000a\000\040\000d\000e\000\040\000A\000c\000t\000i\000v\000i\000d\000a\000d\000e\000s\000\040\000d\000e\000\040\000l\000a\000\040\000c\000u\000a\000r\000t\000a\000\040\000c\000o\000n\000s\000u\000l\000t\000a}{subsection.8.1}% 19
\BOOKMARK [2][-]{subsection.8.2}{\376\377\000D\000i\000a\000g\000r\000a\000m\000a\000s\000\040\000d\000e\000\040\000S\000e\000c\000u\000e\000n\000c\000i\000a}{section.8}% 20
\BOOKMARK [3][-]{subsubsection.8.2.1}{\376\377\000D\000i\000a\000g\000r\000a\000m\000a\000\040\000d\000e\000\040\000S\000e\000c\000u\000e\000n\000c\000i\000a\000\040\000d\000e\000\040\000l\000a\000\040\000p\000r\000i\000m\000e\000r\000a\000\040\000c\000o\000n\000s\000u\000l\000t\000a}{subsection.8.2}% 21
\BOOKMARK [3][-]{subsubsection.8.2.2}{\376\377\000D\000i\000a\000g\000r\000a\000m\000a\000\040\000d\000e\000\040\000S\000e\000c\000u\000e\000n\000c\000i\000a\000\040\000d\000e\000\040\000l\000a\000\040\000s\000e\000g\000u\000n\000d\000a\000\040\000c\000o\000n\000s\000u\000l\000t\000a}{subsection.8.2}% 22
\BOOKMARK [3][-]{subsubsection.8.2.3}{\376\377\000D\000i\000a\000g\000r\000a\000m\000a\000\040\000d\000e\000\040\000S\000e\000c\000u\000e\000n\000c\000i\000a\000\040\000d\000e\000\040\000l\000a\000\040\000t\000e\000r\000c\000e\000r\000a\000\040\000c\000o\000n\000s\000u\000l\000t\000a}{subsection.8.2}% 23
\BOOKMARK [3][-]{subsubsection.8.2.4}{\376\377\000D\000i\000a\000g\000r\000a\000m\000a\000\040\000d\000e\000\040\000S\000e\000c\000u\000e\000n\000c\000i\000a\000\040\000d\000e\000\040\000l\000a\000\040\000c\000u\000a\000r\000t\000a\000\040\000c\000o\000n\000s\000u\000l\000t\000a}{subsection.8.2}% 24
\BOOKMARK [1][-]{section.9}{\376\377\000V\000i\000s\000t\000a\000\040\000F\000\355\000s\000i\000c\000a}{}% 25
\BOOKMARK [2][-]{subsection.9.1}{\376\377\000D\000i\000a\000g\000r\000a\000m\000a\000\040\000d\000e\000\040\000R\000o\000b\000u\000s\000t\000e\000z\000\040\000-\000\040\000C\000o\000m\000p\000l\000e\000t\000o}{section.9}% 26
\BOOKMARK [2][-]{subsection.9.2}{\376\377\000D\000i\000a\000g\000r\000a\000m\000a\000\040\000d\000e\000\040\000R\000o\000b\000u\000s\000t\000e\000z\000\040\000-\000\040\000F\000r\000a\000g\000m\000e\000n\000t\000o\000\040\000s\000u\000p\000e\000r\000i\000o\000r}{section.9}% 27
\BOOKMARK [2][-]{subsection.9.3}{\376\377\000D\000i\000a\000g\000r\000a\000m\000a\000\040\000d\000e\000\040\000R\000o\000b\000u\000s\000t\000e\000z\000\040\000-\000\040\000F\000r\000a\000g\000m\000e\000n\000t\000o\000\040\000m\000e\000d\000i\000o}{section.9}% 28
\BOOKMARK [2][-]{subsection.9.4}{\376\377\000D\000i\000a\000g\000r\000a\000m\000a\000\040\000d\000e\000\040\000R\000o\000b\000u\000s\000t\000e\000z\000\040\000-\000\040\000F\000r\000a\000g\000m\000e\000n\000t\000o\000\040\000i\000n\000f\000e\000r\000i\000o\000r}{section.9}% 29
\BOOKMARK [3][-]{subsubsection.9.4.1}{\376\377\000E\000s\000c\000a\000l\000a\000b\000i\000l\000i\000d\000a\000d\000\040\000d\000e\000\040\000l\000a\000s\000\040\000O\000p\000e\000r\000a\000c\000i\000o\000n\000e\000s}{subsection.9.4}% 30
\BOOKMARK [2][-]{subsection.9.5}{\376\377\000D\000i\000a\000g\000r\000a\000m\000a\000\040\000d\000e\000\040\000D\000e\000s\000p\000l\000i\000e\000g\000u\000e}{section.9}% 31
\BOOKMARK [1][-]{section.10}{\376\377\000V\000i\000s\000t\000a\000\040\000d\000e\000\040\000D\000e\000s\000a\000r\000r\000o\000l\000l\000o}{}% 32
\BOOKMARK [2][-]{subsection.10.1}{\376\377\000D\000i\000a\000g\000r\000a\000m\000a\000\040\000d\000e\000\040\000P\000a\000q\000u\000e\000t\000e\000s}{section.10}% 33
\BOOKMARK [1][-]{section.11}{\376\377\000V\000i\000s\000t\000a\000\040\000L\000\363\000g\000i\000c\000a}{}% 34
\BOOKMARK [2][-]{subsection.11.1}{\376\377\000D\000i\000a\000g\000r\000a\000m\000a\000\040\000d\000e\000\040\000C\000l\000a\000s\000e\000s}{section.11}% 35
\BOOKMARK [3][-]{subsubsection.11.1.1}{\376\377\000D\000i\000a\000g\000r\000a\000m\000a\000\040\000d\000e\000\040\000C\000l\000a\000s\000e\000s\000\040\000-\000\040\000D\000a\000t\000a\000C\000l\000e\000a\000n\000e\000r}{subsection.11.1}% 36
\BOOKMARK [3][-]{subsubsection.11.1.2}{\376\377\000D\000i\000a\000g\000r\000a\000m\000a\000\040\000d\000e\000\040\000C\000l\000a\000s\000e\000s\000\040\000-\000\040\000F\000i\000l\000t\000e\000r}{subsection.11.1}% 37
\BOOKMARK [3][-]{subsubsection.11.1.3}{\376\377\000D\000i\000a\000g\000r\000a\000m\000a\000\040\000d\000e\000\040\000C\000l\000a\000s\000e\000s\000\040\000-\000\040\000C\000o\000u\000n\000t\000\040\000y\000\040\000S\000u\000m}{subsection.11.1}% 38
\BOOKMARK [3][-]{subsubsection.11.1.4}{\376\377\000D\000i\000a\000g\000r\000a\000m\000a\000\040\000d\000e\000\040\000C\000l\000a\000s\000e\000s\000\040\000-\000\040\000S\000o\000r\000t\000D\000e\000s\000c}{subsection.11.1}% 39
\BOOKMARK [3][-]{subsubsection.11.1.5}{\376\377\000D\000i\000a\000g\000r\000a\000m\000a\000\040\000d\000e\000\040\000C\000l\000a\000s\000e\000s\000\040\000-\000\040\000J\000o\000i\000n}{subsection.11.1}% 40
\BOOKMARK [3][-]{subsubsection.11.1.6}{\376\377\000D\000i\000a\000g\000r\000a\000m\000a\000\040\000d\000e\000\040\000C\000l\000a\000s\000e\000s\000\040\000-\000\040\000O\000u\000t\000p\000u\000t\000B\000u\000i\000l\000d\000e\000r}{subsection.11.1}% 41
\BOOKMARK [1][-]{section.12}{\376\377\000D\000i\000a\000g\000r\000a\000m\000a\000\040\000d\000e\000\040\000G\000r\000a\000f\000o\000\040\000A\000c\000\355\000c\000l\000i\000c\000o\000\040\000D\000i\000r\000i\000g\000i\000d\000o\000\040\000\050\000D\000A\000G\000\051\000\040\000-\000\040\000C\000o\000m\000p\000l\000e\000t\000o}{}% 42
\BOOKMARK [2][-]{subsection.12.1}{\376\377\000D\000i\000a\000g\000r\000a\000m\000a\000\040\000d\000e\000\040\000G\000r\000a\000f\000o\000\040\000A\000c\000\355\000c\000l\000i\000c\000o\000\040\000D\000i\000r\000i\000g\000i\000d\000o\000\040\000\050\000D\000A\000G\000\051\000\040\000-\000\040\000C\000o\000m\000p\000l\000e\000t\000o}{section.12}% 43
\BOOKMARK [2][-]{subsection.12.2}{\376\377\000D\000i\000a\000g\000r\000a\000m\000a\000\040\000d\000e\000\040\000G\000r\000a\000f\000o\000\040\000A\000c\000\355\000c\000l\000i\000c\000o\000\040\000D\000i\000r\000i\000g\000i\000d\000o\000\040\000\050\000D\000A\000G\000\051\000\040\000-\000\040\000P\000r\000i\000m\000e\000r\000a\000\040\000c\000o\000n\000s\000u\000l\000t\000a}{section.12}% 44
\BOOKMARK [2][-]{subsection.12.3}{\376\377\000D\000i\000a\000g\000r\000a\000m\000a\000\040\000d\000e\000\040\000G\000r\000a\000f\000o\000\040\000A\000c\000\355\000c\000l\000i\000c\000o\000\040\000D\000i\000r\000i\000g\000i\000d\000o\000\040\000\050\000D\000A\000G\000\051\000\040\000-\000\040\000S\000e\000g\000u\000n\000d\000a\000\040\000c\000o\000n\000s\000u\000l\000t\000a}{section.12}% 45
\BOOKMARK [2][-]{subsection.12.4}{\376\377\000D\000i\000a\000g\000r\000a\000m\000a\000\040\000d\000e\000\040\000G\000r\000a\000f\000o\000\040\000A\000c\000\355\000c\000l\000i\000c\000o\000\040\000D\000i\000r\000i\000g\000i\000d\000o\000\040\000\050\000D\000A\000G\000\051\000\040\000-\000\040\000T\000e\000r\000c\000e\000r\000a\000\040\000c\000o\000n\000s\000u\000l\000t\000a}{section.12}% 46
\BOOKMARK [2][-]{subsection.12.5}{\376\377\000D\000i\000a\000g\000r\000a\000m\000a\000\040\000d\000e\000\040\000G\000r\000a\000f\000o\000\040\000A\000c\000\355\000c\000l\000i\000c\000o\000\040\000D\000i\000r\000i\000g\000i\000d\000o\000\040\000\050\000D\000A\000G\000\051\000\040\000-\000\040\000C\000u\000a\000r\000t\000a\000\040\000c\000o\000n\000s\000u\000l\000t\000a}{section.12}% 47
\BOOKMARK [1][-]{section.13}{\376\377\000M\000i\000d\000d\000l\000e\000w\000a\000r\000e}{}% 48
\BOOKMARK [1][-]{section.14}{\376\377\000M\000e\000n\000s\000a\000j\000e\000s\000\040\000y\000\040\000P\000r\000o\000t\000o\000c\000o\000l\000o\000s}{}% 49
\BOOKMARK [2][-]{subsection.14.1}{\376\377\000P\000r\000o\000t\000o\000c\000o\000l\000o}{section.14}% 50
\BOOKMARK [2][-]{subsection.14.2}{\376\377\000M\000e\000n\000s\000a\000j\000e\000s}{section.14}% 51
\BOOKMARK [1][-]{section.15}{\376\377\000M\000e\000c\000a\000n\000i\000s\000m\000o\000s\000\040\000d\000e\000\040\000C\000o\000n\000t\000r\000o\000l}{}% 52
\BOOKMARK [2][-]{subsection.15.1}{\376\377\000M\000e\000c\000a\000n\000i\000s\000m\000o\000s\000\040\000d\000e\000\040\000C\000o\000n\000t\000r\000o\000l\000\040\000d\000e\000\040\000S\000i\000n\000c\000r\000o\000n\000i\000z\000a\000c\000i\000\363\000n}{section.15}% 53
\BOOKMARK [2][-]{subsection.15.2}{\376\377\000M\000e\000c\000a\000n\000i\000s\000m\000o\000s\000\040\000d\000e\000\040\000C\000o\000n\000t\000r\000o\000l\000\040\000d\000e\000\040\000S\000e\000\361\000a\000l\000e\000s}{section.15}% 54
\BOOKMARK [2][-]{subsection.15.3}{\376\377\000M\000e\000c\000a\000n\000i\000s\000m\000o\000s\000\040\000d\000e\000\040\000C\000o\000n\000t\000r\000o\000l\000\040\000d\000e\000\040\000F\000a\000l\000l\000a\000s}{section.15}% 55
\BOOKMARK [1][-]{section.16}{\376\377\000C\000r\000o\000n\000o\000g\000r\000a\000m\000a\000\040\000t\000e\000\363\000r\000i\000c\000o\000\040\000d\000e\000l\000\040\000d\000e\000s\000a\000r\000r\000o\000l\000l\000o}{}% 56
\BOOKMARK [2][-]{subsection.16.1}{\376\377\000D\000i\000s\000e\000\361\000o}{section.16}% 57
\BOOKMARK [2][-]{subsection.16.2}{\376\377\000E\000s\000c\000a\000l\000a\000b\000i\000l\000i\000d\000a\000d}{section.16}% 58
\BOOKMARK [2][-]{subsection.16.3}{\376\377\000M\000u\000l\000t\000i\000-\000C\000l\000i\000e\000n\000t}{section.16}% 59
\BOOKMARK [2][-]{subsection.16.4}{\376\377\000T\000o\000l\000e\000r\000a\000n\000c\000i\000a}{section.16}% 60
\BOOKMARK [2][-]{subsection.16.5}{\376\377\000P\000a\000p\000e\000r}{section.16}% 61
\BOOKMARK [1][-]{section.17}{\376\377\000C\000r\000o\000n\000o\000g\000r\000a\000m\000a\000\040\000r\000e\000a\000l\000\040\000d\000e\000l\000\040\000d\000e\000s\000a\000r\000r\000o\000l\000l\000o}{}% 62
\BOOKMARK [2][-]{subsection.17.1}{\376\377\000D\000i\000s\000e\000\361\000o}{section.17}% 63
